<?xml version="1.0" encoding="UTF-8"?>
<!-- Generated by org.testng.reporters.JUnitReportReporter -->
<testsuite hostname="DESKTOP-3OR8M0T" name="Application.validateNavigationBar" tests="1" failures="0" timestamp="15 Apr 2019 16:56:26 GMT" time="1.128" errors="0">
  <testcase name="baseNavigation" time="1.128" classname="Application.validateNavigationBar"/>
</testsuite> <!-- Application.validateNavigationBar -->
