<?xml version="1.0" encoding="UTF-8"?>
<!-- Generated by org.testng.reporters.JUnitReportReporter -->
<testsuite skipped="0" hostname="DESKTOP-3OR8M0T" name="Application.HomePage" tests="2" failures="0" timestamp="15 Apr 2019 17:19:49 GMT" time="111.577" errors="0">
  <testcase name="baseNavigation" time="69.488" classname="Application.HomePage"/>
  <testcase name="baseNavigation" time="42.089" classname="Application.HomePage"/>
</testsuite> <!-- Application.HomePage -->
