<?xml version="1.0" encoding="UTF-8"?>
<!-- Generated by org.testng.reporters.JUnitReportReporter -->
<testsuite skipped="0" hostname="DESKTOP-3OR8M0T" name="Application.HomePage" tests="2" failures="0" timestamp="13 Apr 2019 16:13:06 GMT" time="85.231" errors="0">
  <testcase name="baseNavigation" time="39.826" classname="Application.HomePage"/>
  <testcase name="baseNavigation" time="45.405" classname="Application.HomePage"/>
</testsuite> <!-- Application.HomePage -->
