<?xml version="1.0" encoding="UTF-8"?>
<!-- Generated by org.testng.reporters.JUnitReportReporter -->
<testsuite skipped="0" hostname="DESKTOP-3OR8M0T" name="Application.validateNavigationBar" tests="1" failures="0" timestamp="13 Apr 2019 16:13:06 GMT" time="17.702" errors="0">
  <testcase name="baseNavigation" time="17.702" classname="Application.validateNavigationBar"/>
</testsuite> <!-- Application.validateNavigationBar -->
