<?xml version="1.0" encoding="UTF-8"?>
<!-- Generated by org.testng.reporters.JUnitReportReporter -->
<testsuite hostname="DESKTOP-3OR8M0T" name="Application.HomePage" tests="2" failures="0" timestamp="15 Apr 2019 16:56:26 GMT" time="73.492" errors="0">
  <testcase name="baseNavigation" time="38.628" classname="Application.HomePage"/>
  <testcase name="baseNavigation" time="34.864" classname="Application.HomePage"/>
</testsuite> <!-- Application.HomePage -->
