<?xml version="1.0" encoding="UTF-8"?>
<!-- Generated by org.testng.reporters.JUnitReportReporter -->
<testsuite skipped="0" hostname="DESKTOP-3OR8M0T" name="Application.HomePage" tests="2" failures="0" timestamp="15 Apr 2019 17:10:37 GMT" time="103.707" errors="0">
  <testcase name="baseNavigation" time="63.541" classname="Application.HomePage"/>
  <testcase name="baseNavigation" time="40.166" classname="Application.HomePage"/>
</testsuite> <!-- Application.HomePage -->
