<?xml version="1.0" encoding="UTF-8"?>
<!-- Generated by org.testng.reporters.JUnitReportReporter -->
<testsuite skipped="0" hostname="DESKTOP-3OR8M0T" name="Application.validateNavigationBar" tests="1" failures="0" timestamp="15 Apr 2019 18:51:35 GMT" time="1.717" errors="0">
  <testcase name="validateAppNavBar" time="1.717" classname="Application.validateNavigationBar"/>
</testsuite> <!-- Application.validateNavigationBar -->
