<?xml version="1.0" encoding="UTF-8"?>
<!-- Generated by org.testng.reporters.JUnitReportReporter -->
<testsuite skipped="0" hostname="DESKTOP-3OR8M0T" name="Application.HomePage" tests="2" failures="0" timestamp="15 Apr 2019 18:51:35 GMT" time="68.589" errors="0">
  <testcase name="baseNavigation" time="38.792" classname="Application.HomePage"/>
  <testcase name="baseNavigation" time="29.797" classname="Application.HomePage"/>
</testsuite> <!-- Application.HomePage -->
